============================= test session starts ==============================
platform linux -- Python 3.10.12, pytest-6.2.5, py-1.10.0, pluggy-0.13.0
rootdir: /home/shay/a/kim4810/ECE30861/ece30861-team9
plugins: cov-3.0.0, colcon-core-0.20.0
collected 29 items

tests/test_classify.py ........                                          [ 27%]
tests/test_hf_id.py ....F

=================================== FAILURES ===================================
___________ test_hf_id_bad[https://huggingface.co/datasets/foo/bar] ____________

u = 'https://huggingface.co/datasets/foo/bar'

    @pytest.mark.parametrize("u", [
        "https://huggingface.co/datasets/foo/bar",
        "https://example.com/x/y",
        "not a url",
    ])
    def test_hf_id_bad(u):
>       with pytest.raises(Exception):
E       Failed: DID NOT RAISE <class 'Exception'>

tests/test_hf_id.py:19: Failed

---------- coverage: platform linux, python 3.10.12-final-0 ----------
Name                       Stmts   Miss  Cover   Missing
--------------------------------------------------------
src/__init__.py                0      0   100%
src/metrics_framework.py     322    267    17%   27-36, 50, 54-61, 66, 70, 74-106, 110, 114-147, 151, 161-231, 235, 238-244, 248, 251-287, 291, 294-352, 356, 359-409, 416, 419-491, 496-520, 524-541, 549, 562-567, 571-590
src/scoring.py                27      2    93%   33, 37
src/url/__init__.py            0      0   100%
src/url/classify.py           14      0   100%
src/url/hf_name.py            16     16     0%   2-32
src/url/ndjson_writer.py      85     85     0%   3-177
src/url/router.py             37     22    41%   50-51, 55-73, 76-81
src/url/url_main.py           95     95     0%   76-296
--------------------------------------------------------
TOTAL                        596    487    18%

=========================== short test summary info ============================
FAILED tests/test_hf_id.py::test_hf_id_bad[https://huggingface.co/datasets/foo/bar]
!!!!!!!!!!!!!!!!!!!!!!!!!! stopping after 1 failures !!!!!!!!!!!!!!!!!!!!!!!!!!!
========================= 1 failed, 12 passed in 0.34s =========================
