============================= test session starts ==============================
platform linux -- Python 3.10.12, pytest-6.2.5, py-1.10.0, pluggy-0.13.0
rootdir: /home/shay/a/kim4810/ECE30861/ece30861-team9
plugins: cov-3.0.0, colcon-core-0.20.0
collected 55 items

tests/test_classify.py ........                                          [ 14%]
tests/test_hf_id.py ....                                                 [ 21%]
tests/test_metrics_framework.py ..............                           [ 47%]
tests/test_metrics_framework_extras.py .........                         [ 63%]
tests/test_ndjson_writer.py ....                                         [ 70%]
tests/test_perf_helper.py ....                                           [ 78%]
tests/test_url_main.py ........                                          [ 92%]
tests/test_url_main_logging.py ....                                      [100%]

---------- coverage: platform linux, python 3.10.12-final-0 ----------
Name                       Stmts   Miss  Cover   Missing
--------------------------------------------------------
src/__init__.py                0      0   100%
src/metrics_framework.py     403     89    78%   32-33, 63, 73, 80-81, 113, 125-126, 138-139, 143-144, 215-223, 230, 232, 237, 268, 282, 298, 312-313, 317-325, 328, 336, 339, 349, 356, 360-364, 368-372, 378-380, 389, 410-411, 430-431, 436, 465-466, 511-521, 561-567, 578, 604-605, 625-629, 633-634, 653-654
src/perf_helper.py            51     11    78%   62, 72-73, 99-107
src/repo_fetch.py             31      4    87%   40-42, 51-52
src/scoring.py                27      3    89%   33, 37, 41
src/url/__init__.py            0      0   100%
src/url/classify.py           14      0   100%
src/url/hf_name.py            16      4    75%   17, 23, 26, 30
src/url/ndjson_writer.py     105     16    85%   72-74, 82-84, 95, 115-117, 133-135, 142-144, 193-194
src/url/router.py             18      6    67%   85-91
src/url/url_main.py          100     16    84%   112-114, 189-190, 201-204, 297-299, 307-310
--------------------------------------------------------
TOTAL                        765    149    81%


============================= 55 passed in 23.66s ==============================
