============================= test session starts ==============================
platform darwin -- Python 3.9.6, pytest-8.4.2, pluggy-1.6.0
rootdir: /Users/junlim/Purdue/fall2025/ECE30861/ece30861-team9
plugins: cov-7.0.0
collected 1 item

tests/test_url_router.py .                                               [100%]

================================ tests coverage ================================
_______________ coverage: platform darwin, python 3.9.6-final-0 ________________

Name                  Stmts   Miss  Cover   Missing
---------------------------------------------------
src/url/classify.py      14      1    93%   19
src/url/router.py        36      8    78%   26, 41, 44-49
---------------------------------------------------
TOTAL                    50      9    82%
============================== 1 passed in 0.02s ===============================
