============================= test session starts ==============================
platform linux -- Python 3.10.12, pytest-6.2.5, py-1.10.0, pluggy-0.13.0
rootdir: /home/shay/a/kim4810/ECE30861/ece30861-team9
plugins: cov-3.0.0, colcon-core-0.20.0
collected 29 items

tests/test_classify.py ........                                          [ 27%]
tests/test_hf_id.py .......                                              [ 51%]
tests/test_metrics_framework.py ..............                           [100%]

---------- coverage: platform linux, python 3.10.12-final-0 ----------
Name                       Stmts   Miss  Cover   Missing
--------------------------------------------------------
src/__init__.py                0      0   100%
src/metrics_framework.py     322    128    60%   35-36, 60-61, 66, 76, 83-84, 116, 128-129, 141-142, 146-147, 214, 217-229, 244, 253, 273-274, 279-287, 294-352, 359-409, 447-453, 464, 490-491, 511-515, 519-520, 531, 534-541, 562-567, 571-590
src/scoring.py                38      3    92%   69, 75, 92
src/url/__init__.py            0      0   100%
src/url/classify.py           14      0   100%
src/url/hf_name.py            16     16     0%   2-32
src/url/ndjson_writer.py      87     87     0%   3-179
src/url/router.py             18      6    67%   85-91
src/url/url_main.py           93     93     0%   76-299
--------------------------------------------------------
TOTAL                        588    333    43%


============================== 29 passed in 5.49s ==============================
