============================= test session starts ==============================
platform linux -- Python 3.10.12, pytest-6.2.5, py-1.10.0, pluggy-0.13.0
rootdir: /home/shay/a/kim4810/ECE30861/ece30861-team9
plugins: cov-3.0.0, colcon-core-0.20.0
collected 37 items

tests/test_classify.py ........                                          [ 21%]
tests/test_hf_id.py ....                                                 [ 32%]
tests/test_metrics_framework.py ..............                           [ 70%]
tests/test_ndjson_writer.py ....                                         [ 81%]
tests/test_url_main.py .......                                           [100%]

---------- coverage: platform linux, python 3.10.12-final-0 ----------
Name                       Stmts   Miss  Cover   Missing
--------------------------------------------------------
src/__init__.py                0      0   100%
src/metrics_framework.py     322    128    60%   35-36, 60-61, 66, 76, 83-84, 116, 128-129, 141-142, 146-147, 214, 217-229, 244, 253, 273-274, 279-287, 294-352, 359-409, 447-453, 464, 490-491, 511-515, 519-520, 531, 534-541, 562-567, 571-590
src/scoring.py                27      3    89%   33, 37, 41
src/url/__init__.py            0      0   100%
src/url/classify.py           14      0   100%
src/url/hf_name.py            16      4    75%   17, 23, 26, 30
src/url/ndjson_writer.py      87      9    90%   72-74, 82-84, 113-115, 174-175
src/url/router.py             18      6    67%   85-91
src/url/url_main.py           93     26    72%   118-120, 122-125, 160-168, 178-179, 190-193, 286-288, 296-299
--------------------------------------------------------
TOTAL                        577    176    69%


============================== 37 passed in 5.25s ==============================
